2024-07-31,12:51:55 | INFO | Running with a single process. Device cuda:0.
2024-07-31,12:51:55 | INFO | Loaded ViT-B-32 model config.
2024-07-31,12:52:06 | INFO | Loading pretrained ViT-B-32 weights (laion400m_e32).
2024-07-31,12:52:07 | INFO | Model:
2024-07-31,12:52:07 | INFO | CLIP(
  (visual): VisionTransformer(
    (conv1): Conv2d(3, 768, kernel_size=(32, 32), stride=(32, 32), bias=False)
    (patch_dropout): Identity()
    (ln_pre): LayerNorm((768,), eps=1e-05, elementwise_affine=True)
    (transformer): Transformer(
      (resblocks): ModuleList(
        (0-11): 12 x ResidualAttentionBlock(
          (ln_1): LayerNorm((768,), eps=1e-05, elementwise_affine=True)
          (attn): MultiheadAttention(
            (out_proj): NonDynamicallyQuantizableLinear(in_features=768, out_features=768, bias=True)
          )
          (ls_1): Identity()
          (ln_2): LayerNorm((768,), eps=1e-05, elementwise_affine=True)
          (mlp): Sequential(
            (c_fc): Linear(in_features=768, out_features=3072, bias=True)
            (gelu): GELU(approximate='none')
            (c_proj): Linear(in_features=3072, out_features=768, bias=True)
          )
          (ls_2): Identity()
        )
      )
    )
    (ln_post): LayerNorm((768,), eps=1e-05, elementwise_affine=True)
  )
  (transformer): Transformer(
    (resblocks): ModuleList(
      (0-11): 12 x ResidualAttentionBlock(
        (ln_1): LayerNorm((512,), eps=1e-05, elementwise_affine=True)
        (attn): MultiheadAttention(
          (out_proj): NonDynamicallyQuantizableLinear(in_features=512, out_features=512, bias=True)
        )
        (ls_1): Identity()
        (ln_2): LayerNorm((512,), eps=1e-05, elementwise_affine=True)
        (mlp): Sequential(
          (c_fc): Linear(in_features=512, out_features=2048, bias=True)
          (gelu): GELU(approximate='none')
          (c_proj): Linear(in_features=2048, out_features=512, bias=True)
        )
        (ls_2): Identity()
      )
    )
  )
  (token_embedding): Embedding(49408, 512)
  (ln_final): LayerNorm((512,), eps=1e-05, elementwise_affine=True)
)
2024-07-31,12:52:07 | INFO | Params:
2024-07-31,12:52:07 | INFO |   accum_freq: 1
2024-07-31,12:52:07 | INFO |   aug_cfg: {}
2024-07-31,12:52:07 | INFO |   batch_size: 16
2024-07-31,12:52:07 | INFO |   beta1: 0.9
2024-07-31,12:52:07 | INFO |   beta2: 0.98
2024-07-31,12:52:07 | INFO |   celeb_name: Elon_Musk
2024-07-31,12:52:07 | INFO |   checkpoint_path: clip/ckpt/2024_07_31-12_51_55-model_ViT-B-32-lr_1e-05-b_16-j_1-p_fp32/checkpoints
2024-07-31,12:52:07 | INFO |   clip_model_id: laion/CLIP-ViT-H-14-laion2B-s32B-b79K
2024-07-31,12:52:07 | INFO |   coca_caption_loss_weight: 2.0
2024-07-31,12:52:07 | INFO |   coca_contrastive_loss_weight: 1.0
2024-07-31,12:52:07 | INFO |   copy_codebase: False
2024-07-31,12:52:07 | INFO |   csv_caption_key: title
2024-07-31,12:52:07 | INFO |   csv_img_key: filepath
2024-07-31,12:52:07 | INFO |   csv_separator: 	
2024-07-31,12:52:07 | INFO |   dataset_resampled: False
2024-07-31,12:52:07 | INFO |   dataset_type: auto
2024-07-31,12:52:07 | INFO |   ddp_static_graph: False
2024-07-31,12:52:07 | INFO |   debug: False
2024-07-31,12:52:07 | INFO |   delete_previous_checkpoint: False
2024-07-31,12:52:07 | INFO |   device: cuda:0
2024-07-31,12:52:07 | INFO |   dist_backend: nccl
2024-07-31,12:52:07 | INFO |   dist_url: env://
2024-07-31,12:52:07 | INFO |   distill: False
2024-07-31,12:52:07 | INFO |   distill_model: None
2024-07-31,12:52:07 | INFO |   distill_pretrained: None
2024-07-31,12:52:07 | INFO |   distributed: False
2024-07-31,12:52:07 | INFO |   epochs: 5
2024-07-31,12:52:07 | INFO |   epochs_cooldown: None
2024-07-31,12:52:07 | INFO |   eps: 1e-06
2024-07-31,12:52:07 | INFO |   force_custom_text: False
2024-07-31,12:52:07 | INFO |   force_image_size: None
2024-07-31,12:52:07 | INFO |   force_patch_dropout: None
2024-07-31,12:52:07 | INFO |   force_quick_gelu: False
2024-07-31,12:52:07 | INFO |   forget_data: ./data/laion/forget/names/Elon_Musk.tar
2024-07-31,12:52:07 | INFO |   gather_with_grad: False
2024-07-31,12:52:07 | INFO |   grad_checkpointing: False
2024-07-31,12:52:07 | INFO |   grad_clip_norm: None
2024-07-31,12:52:07 | INFO |   horovod: False
2024-07-31,12:52:07 | INFO |   image_interpolation: None
2024-07-31,12:52:07 | INFO |   image_mean: None
2024-07-31,12:52:07 | INFO |   image_resize_mode: None
2024-07-31,12:52:07 | INFO |   image_std: None
2024-07-31,12:52:07 | INFO |   imagenet_v2: None
2024-07-31,12:52:07 | INFO |   imagenet_val: /data/SalmanAsif/ImageNet/val
2024-07-31,12:52:07 | INFO |   layer_name: visual.proj
2024-07-31,12:52:07 | INFO |   local_loss: False
2024-07-31,12:52:07 | INFO |   local_rank: 0
2024-07-31,12:52:07 | INFO |   lock_image: False
2024-07-31,12:52:07 | INFO |   lock_image_freeze_bn_stats: False
2024-07-31,12:52:07 | INFO |   lock_image_unlocked_groups: 0
2024-07-31,12:52:07 | INFO |   lock_text: False
2024-07-31,12:52:07 | INFO |   lock_text_freeze_layer_norm: False
2024-07-31,12:52:07 | INFO |   lock_text_unlocked_layers: 0
2024-07-31,12:52:07 | INFO |   log_every_n_steps: 100
2024-07-31,12:52:07 | INFO |   log_level: 20
2024-07-31,12:52:07 | INFO |   log_local: False
2024-07-31,12:52:07 | INFO |   log_path: clip/ckpt/2024_07_31-12_51_55-model_ViT-B-32-lr_1e-05-b_16-j_1-p_fp32/out.log
2024-07-31,12:52:07 | INFO |   logs: clip/ckpt/
2024-07-31,12:52:07 | INFO |   lr: 1e-05
2024-07-31,12:52:07 | INFO |   lr_cooldown_end: 0.0
2024-07-31,12:52:07 | INFO |   lr_cooldown_power: 1.0
2024-07-31,12:52:07 | INFO |   lr_scheduler: cosine
2024-07-31,12:52:07 | INFO |   model: ViT-B-32
2024-07-31,12:52:07 | INFO |   model_name: ViT-B-32
2024-07-31,12:52:07 | INFO |   name: 2024_07_31-12_51_55-model_ViT-B-32-lr_1e-05-b_16-j_1-p_fp32
2024-07-31,12:52:07 | INFO |   no_set_device_rank: False
2024-07-31,12:52:07 | INFO |   part: vision
2024-07-31,12:52:07 | INFO |   precision: fp32
2024-07-31,12:52:07 | INFO |   pretrained: laion400m_e32
2024-07-31,12:52:07 | INFO |   pretrained_image: False
2024-07-31,12:52:07 | INFO |   r_lo_limit: -1
2024-07-31,12:52:07 | INFO |   rank: 0
2024-07-31,12:52:07 | INFO |   remote_sync: None
2024-07-31,12:52:07 | INFO |   remote_sync_frequency: 300
2024-07-31,12:52:07 | INFO |   remote_sync_protocol: s3
2024-07-31,12:52:07 | INFO |   report_to: 
2024-07-31,12:52:07 | INFO |   resume: None
2024-07-31,12:52:07 | INFO |   save_frequency: 1
2024-07-31,12:52:07 | INFO |   save_most_recent: False
2024-07-31,12:52:07 | INFO |   seed: 0
2024-07-31,12:52:07 | INFO |   siglip: False
2024-07-31,12:52:07 | INFO |   skip_scheduler: False
2024-07-31,12:52:07 | INFO |   tensorboard: False
2024-07-31,12:52:07 | INFO |   tensorboard_path: 
2024-07-31,12:52:07 | INFO |   torchcompile: False
2024-07-31,12:52:07 | INFO |   torchscript: False
2024-07-31,12:52:07 | INFO |   trace: False
2024-07-31,12:52:07 | INFO |   train_data: /data/SalmanAsif/laion/laion400m/00001.tar
2024-07-31,12:52:07 | INFO |   train_data_upsampling_factors: None
2024-07-31,12:52:07 | INFO |   train_num_samples: None
2024-07-31,12:52:07 | INFO |   unlearn_layer: None
2024-07-31,12:52:07 | INFO |   unlearn_method: calc_grad
2024-07-31,12:52:07 | INFO |   unlearn_part: None
2024-07-31,12:52:07 | INFO |   update_whole_model: False
2024-07-31,12:52:07 | INFO |   use_bn_sync: False
2024-07-31,12:52:07 | INFO |   use_bnb_linear: None
2024-07-31,12:52:07 | INFO |   val_data: None
2024-07-31,12:52:07 | INFO |   val_frequency: 1
2024-07-31,12:52:07 | INFO |   val_num_samples: None
2024-07-31,12:52:07 | INFO |   wandb: False
2024-07-31,12:52:07 | INFO |   wandb_notes: 
2024-07-31,12:52:07 | INFO |   wandb_project_name: open-clip
2024-07-31,12:52:07 | INFO |   warmup: 0
2024-07-31,12:52:07 | INFO |   wd: 0.1
2024-07-31,12:52:07 | INFO |   workers: 1
2024-07-31,12:52:07 | INFO |   world_size: 1
2024-07-31,12:52:07 | INFO |   zeroshot_frequency: 1
2024-07-31,12:52:07 | WARNING | Handling webdataset error (FileNotFoundError(2, 'No such file or directory', './data/laion/forget/names/Elon_Musk.tar')). Ignoring.
2024-07-31,12:52:07 | INFO | Start unlearning ...
2024-07-31,12:52:07 | INFO | Start epoch 0
2024-07-31,12:52:07 | WARNING | Handling webdataset error (FileNotFoundError(2, 'No such file or directory', './data/laion/forget/names/Elon_Musk.tar')). Ignoring.
